Unity Editor version:    2022.3.29f1 (8d510ca76d2b)
Branch:                  2022.3/staging
Build type:              Release
Batch mode:              YES
macOS version:           Version 14.5 (Build 23F79)
Darwin version:          23.5.0
Architecture:            arm64
Running under Rosetta:   NO
Available memory:        8192 MB
Using pre-set license
Pro License: YES

COMMAND LINE ARGUMENTS:
/Applications/Unity/Hub/Editor/2022.3.29f1/Unity.app/Contents/MacOS/Unity
-adb2
-batchMode
-noUpm
-name
AssetImportWorker0
-projectPath
/Users/xuyiping/Unity_Project/HybridGifts_ARKit_Unity/BricksPlus_welcome
-logFile
Logs/AssetImportWorker0.log
-srvPort
64813
Successfully changed project path to: /Users/xuyiping/Unity_Project/HybridGifts_ARKit_Unity/BricksPlus_welcome
/Users/xuyiping/Unity_Project/HybridGifts_ARKit_Unity/BricksPlus_welcome
[UnityMemory] Configuration Parameters - Can be set up in boot.config
    "memorysetup-bucket-allocator-granularity=16"
    "memorysetup-bucket-allocator-bucket-count=8"
    "memorysetup-bucket-allocator-block-size=33554432"
    "memorysetup-bucket-allocator-block-count=8"
    "memorysetup-main-allocator-block-size=16777216"
    "memorysetup-thread-allocator-block-size=16777216"
    "memorysetup-gfx-main-allocator-block-size=16777216"
    "memorysetup-gfx-thread-allocator-block-size=16777216"
    "memorysetup-cache-allocator-block-size=4194304"
    "memorysetup-typetree-allocator-block-size=2097152"
    "memorysetup-profiler-bucket-allocator-granularity=16"
    "memorysetup-profiler-bucket-allocator-bucket-count=8"
    "memorysetup-profiler-bucket-allocator-block-size=33554432"
    "memorysetup-profiler-bucket-allocator-block-count=8"
    "memorysetup-profiler-allocator-block-size=16777216"
    "memorysetup-profiler-editor-allocator-block-size=1048576"
    "memorysetup-temp-allocator-size-main=16777216"
    "memorysetup-job-temp-allocator-block-size=2097152"
    "memorysetup-job-temp-allocator-block-size-background=1048576"
    "memorysetup-job-temp-allocator-reduction-small-platforms=262144"
    "memorysetup-allocator-temp-initial-block-size-main=262144"
    "memorysetup-allocator-temp-initial-block-size-worker=262144"
    "memorysetup-temp-allocator-size-background-worker=32768"
    "memorysetup-temp-allocator-size-job-worker=262144"
    "memorysetup-temp-allocator-size-preload-manager=33554432"
    "memorysetup-temp-allocator-size-nav-mesh-worker=65536"
    "memorysetup-temp-allocator-size-audio-worker=65536"
    "memorysetup-temp-allocator-size-cloud-worker=32768"
    "memorysetup-temp-allocator-size-gi-baking-worker=262144"
    "memorysetup-temp-allocator-size-gfx=262144"
Player connection [8581598208] Host "[IP] 10.247.203.99 [Port] 0 [Flags] 2 [Guid] 1461918595 [EditorId] 1461918595 [Version] 1048832 [Id] OSXEditor(0,xuyipingdeMacBook-Air.local) [Debug] 1 [PackageName] OSXEditor [ProjectName] Editor" joined multi-casting on [225.0.0.222:54997]...

Player connection [8581598208] Host "[IP] 10.247.203.99 [Port] 0 [Flags] 2 [Guid] 1461918595 [EditorId] 1461918595 [Version] 1048832 [Id] OSXEditor(0,xuyipingdeMacBook-Air.local) [Debug] 1 [PackageName] OSXEditor [ProjectName] Editor" joined alternative multi-casting on [225.0.0.222:34997]...

[Physics::Module] Initialized MultithreadedJobDispatcher with 7 workers.
Refreshing native plugins compatible for Editor in 23.35 ms, found 3 plugins.
Preloading 0 native plugins for Editor in 0.00 ms.
Initialize engine version: 2022.3.29f1 (8d510ca76d2b)
[Subsystems] Discovering subsystems at path /Applications/Unity/Hub/Editor/2022.3.29f1/Unity.app/Contents/Resources/UnitySubsystems
[Subsystems] Discovering subsystems at path /Users/xuyiping/Unity_Project/HybridGifts_ARKit_Unity/BricksPlus_welcome/Assets
GfxDevice: creating device client; threaded=0; jobified=0
 preferred device: Apple M1 (high power)
Metal devices available: 1
0: Apple M1 (high power)
Using device Apple M1 (high power)
Initializing Metal device caps: Apple M1
Initialize mono
Mono path[0] = '/Applications/Unity/Hub/Editor/2022.3.29f1/Unity.app/Contents/Managed'
Mono path[1] = '/Applications/Unity/Hub/Editor/2022.3.29f1/Unity.app/Contents/MonoBleedingEdge/lib/mono/unityjit-macos'
Mono config path = '/Applications/Unity/Hub/Editor/2022.3.29f1/Unity.app/Contents/MonoBleedingEdge/etc'
Using monoOptions --debugger-agent=transport=dt_socket,embedding=1,server=y,suspend=n,address=127.0.0.1:56113
Begin MonoManager ReloadAssembly
Registering precompiled unity dll's ...
Register platform support module: /Applications/Unity/Hub/Editor/2022.3.29f1/Unity.app/Contents/PlaybackEngines/MacStandaloneSupport/UnityEditor.OSXStandalone.Extensions.dll
Register platform support module: /Applications/Unity/Hub/Editor/2022.3.29f1/PlaybackEngines/iOSSupport/UnityEditor.iOS.Extensions.dll
Registered in 0.004678 seconds.
- Loaded All Assemblies, in  0.390 seconds
[usbmuxd] Start listen thread
[usbmuxd] Listen thread started
[usbmuxd] Send listen message
Native extension for iOS target not found
[usbmuxd] Attached: 19 00008020-000335100104003A
Native extension for OSXStandalone target not found
Mono: successfully reloaded assembly
- Finished resetting the current domain, in  0.374 seconds
Domain Reload Profiling: 765ms
	BeginReloadAssembly (125ms)
		ExecutionOrderSort (0ms)
		DisableScriptedObjects (0ms)
		BackupInstance (0ms)
		ReleaseScriptingObjects (0ms)
		CreateAndSetChildDomain (1ms)
	RebuildCommonClasses (43ms)
	RebuildNativeTypeToScriptingClass (12ms)
	initialDomainReloadingComplete (52ms)
	LoadAllAssembliesAndSetupDomain (158ms)
		LoadAssemblies (125ms)
		RebuildTransferFunctionScriptingTraits (0ms)
		AnalyzeDomain (154ms)
			TypeCache.Refresh (153ms)
				TypeCache.ScanAssembly (138ms)
			ScanForSourceGeneratedMonoScriptInfo (0ms)
			ResolveRequiredComponents (1ms)
	FinalizeReload (375ms)
		ReleaseScriptCaches (0ms)
		RebuildScriptCaches (0ms)
		SetupLoadedEditorAssemblies (318ms)
			LogAssemblyErrors (0ms)
			InitializePlatformSupportModulesInManaged (119ms)
			SetLoadedEditorAssemblies (5ms)
			RefreshPlugins (0ms)
			BeforeProcessingInitializeOnLoad (2ms)
			ProcessInitializeOnLoadAttributes (138ms)
			ProcessInitializeOnLoadMethodAttributes (54ms)
			AfterProcessingInitializeOnLoad (0ms)
			EditorAssembliesLoaded (0ms)
		ExecutionOrderSort2 (0ms)
		AwakeInstancesAfterBackupRestoration (0ms)
========================================================================
Worker process is ready to serve import requests
Begin MonoManager ReloadAssembly
- Loaded All Assemblies, in  1.340 seconds
Refreshing native plugins compatible for Editor in 3.16 ms, found 3 plugins.
Native extension for iOS target not found
Native extension for OSXStandalone target not found
Package Manager log level set to [2]
[Package Manager] Server::EnsureServerProcessIsRunning -- launch failed, reason: Unity was launched with the -noUpm command-line argument
[Package Manager] UpmClient::Send -- Unable to send message (not connected to UPM process).
[Package Manager] Cannot connect to Unity Package Manager local server
[Package Manager] Server::EnsureServerProcessIsRunning -- launch failed, reason: Unity was launched with the -noUpm command-line argument
[Package Manager] UpmClient::Send -- Unable to send message (not connected to UPM process).
[Package Manager] Cannot connect to Unity Package Manager local server
Mono: successfully reloaded assembly
[Package Manager] Server::EnsureServerProcessIsRunning -- launch failed, reason: Unity was launched with the -noUpm command-line argument
[Package Manager] UpmClient::Send -- Unable to send message (not connected to UPM process).
[Package Manager] Cannot connect to Unity Package Manager local server
[Package Manager] Server::EnsureServerProcessIsRunning -- launch failed, reason: Unity was launched with the -noUpm command-line argument
[Package Manager] UpmClient::Send -- Unable to send message (not connected to UPM process).
[Package Manager] Cannot connect to Unity Package Manager local server
- Finished resetting the current domain, in  1.295 seconds
Domain Reload Profiling: 2676ms
	BeginReloadAssembly (290ms)
		ExecutionOrderSort (0ms)
		DisableScriptedObjects (7ms)
		BackupInstance (0ms)
		ReleaseScriptingObjects (0ms)
		CreateAndSetChildDomain (68ms)
	RebuildCommonClasses (63ms)
	RebuildNativeTypeToScriptingClass (19ms)
	initialDomainReloadingComplete (60ms)
	LoadAllAssembliesAndSetupDomain (948ms)
		LoadAssemblies (541ms)
		RebuildTransferFunctionScriptingTraits (0ms)
		AnalyzeDomain (465ms)
			TypeCache.Refresh (388ms)
				TypeCache.ScanAssembly (318ms)
			ScanForSourceGeneratedMonoScriptInfo (49ms)
			ResolveRequiredComponents (26ms)
	FinalizeReload (1296ms)
		ReleaseScriptCaches (0ms)
		RebuildScriptCaches (0ms)
		SetupLoadedEditorAssemblies (1039ms)
			LogAssemblyErrors (0ms)
			InitializePlatformSupportModulesInManaged (32ms)
			SetLoadedEditorAssemblies (6ms)
			RefreshPlugins (0ms)
			BeforeProcessingInitializeOnLoad (132ms)
			ProcessInitializeOnLoadAttributes (784ms)
			ProcessInitializeOnLoadMethodAttributes (84ms)
			AfterProcessingInitializeOnLoad (1ms)
			EditorAssembliesLoaded (0ms)
		ExecutionOrderSort2 (0ms)
		AwakeInstancesAfterBackupRestoration (4ms)
Launching external process: /Applications/Unity/Hub/Editor/2022.3.29f1/Unity.app/Contents/Tools/UnityShaderCompiler
Launched and connected shader compiler UnityShaderCompiler after 0.33 seconds
Refreshing native plugins compatible for Editor in 3.96 ms, found 3 plugins.
Preloading 0 native plugins for Editor in 0.00 ms.
Unloading 6868 Unused Serialized files (Serialized files now loaded: 0)
Unloading 138 unused Assets / (4.4 MB). Loaded Objects now: 7280.
Memory consumption went from 267.0 MB to 262.6 MB.
Total: 41.634125 ms (FindLiveObjects: 5.689542 ms CreateObjectMapping: 1.119083 ms MarkObjects: 30.292458 ms  DeleteObjects: 4.532000 ms)

AssetImportParameters requested are different than current active one (requested -> active):
  custom:container-demuxer-ogg: 62fdf1f143b41e24485cea50d1cbac27 -> 
  custom:container-muxer-webm: aa71ff27fc2769a1b78a27578f13a17b -> 
  custom:video-decoder-webm-vp8: 9c59270c3fd7afecdb556c50c9e8de78 -> 
  custom:SearchIndexIgnoredProperties: e643bd26f0fe6173181afceb89e7c659 -> 
  custom:AudioImporter_EditorPlatform: 3918e3fc78b5a79bad01e8451be0beb8 -> 
  custom:audio-decoder-ogg-vorbis: bf7c407c2cedff20999df2af8eb42d56 -> 
  custom:audio-encoder-webm-vorbis: bf7c407c2cedff20999df2af8eb42d56 -> 
  custom:video-decoder-ogg-theora: a1e56fd34408186e4bbccfd4996cb3dc -> 
  custom:CustomObjectIndexerAttribute: 72b91833f83ae208fae7752999fa3104 -> 
  custom:container-demuxer-webm: 4f35f7cbe854078d1ac9338744f61a02 -> 
  custom:framework-osx-AVFoundation: e770b220cccbd017edd2c1fefb359320 -> 
  custom:video-encoder-webm-vp8: eb34c28f22e8b96e1ab97ce403110664 -> 
========================================================================
Received Import Request.
  Time since last request: 397728.176115 seconds.
  path: Assets/Samples/XR Interaction Toolkit/3.0.4/AR Starter Assets/ARDemoSceneAssets/Sprites/W_nobg.png
  artifactKey: Guid(824713b424b3b4aa7ab6877caa0bf8f8) Importer(815301076,1909f56bfc062723c751e8b465ee728b)
Start importing Assets/Samples/XR Interaction Toolkit/3.0.4/AR Starter Assets/ARDemoSceneAssets/Sprites/W_nobg.png using Guid(824713b424b3b4aa7ab6877caa0bf8f8) Importer(815301076,1909f56bfc062723c751e8b465ee728b)  -> (artifact id: 'f649398d37f75716088b32854a3f8c75') in 0.295021 seconds
Number of updated asset objects reloaded before import = 0
Number of asset objects unloaded after import = 2
========================================================================
Received Import Request.
  Time since last request: 4.238484 seconds.
  path: Assets/Samples/XR Interaction Toolkit/3.0.4/AR Starter Assets/ARDemoSceneAssets/Sprites/W_nobg.png
  artifactKey: Guid(824713b424b3b4aa7ab6877caa0bf8f8) Importer(815301076,1909f56bfc062723c751e8b465ee728b)
Start importing Assets/Samples/XR Interaction Toolkit/3.0.4/AR Starter Assets/ARDemoSceneAssets/Sprites/W_nobg.png using Guid(824713b424b3b4aa7ab6877caa0bf8f8) Importer(815301076,1909f56bfc062723c751e8b465ee728b)  -> (artifact id: '9d9c8e439c60ace3ce03c160d2d37bd8') in 0.120316 seconds
Number of updated asset objects reloaded before import = 0
Number of asset objects unloaded after import = 3
========================================================================
Received Import Request.
  Time since last request: 61.742049 seconds.
  path: Assets/MobileARTemplateAssets/Prefabs/Avatar/Ra_avatar
  artifactKey: Guid(3ac08c1fef39642bc9a7ad98cd9e2b0c) Importer(815301076,1909f56bfc062723c751e8b465ee728b)
Start importing Assets/MobileARTemplateAssets/Prefabs/Avatar/Ra_avatar using Guid(3ac08c1fef39642bc9a7ad98cd9e2b0c) Importer(815301076,1909f56bfc062723c751e8b465ee728b)  -> (artifact id: 'f5f763a4a5b2d3047e00a29a8cdcd43b') in 0.011832 seconds
Number of updated asset objects reloaded before import = 0
Number of asset objects unloaded after import = 0
========================================================================
Received Import Request.
  Time since last request: 17.242730 seconds.
  path: Assets/MobileARTemplateAssets/Prefabs/Avatar/W@Bboy Hip Hop Move.fbx
  artifactKey: Guid(2ffb1f80f0ff845b7b20d395f9673604) Importer(815301076,1909f56bfc062723c751e8b465ee728b)
Start importing Assets/MobileARTemplateAssets/Prefabs/Avatar/W@Bboy Hip Hop Move.fbx using Guid(2ffb1f80f0ff845b7b20d395f9673604) Importer(815301076,1909f56bfc062723c751e8b465ee728b)  -> (artifact id: '64c9ffa98add822151174f8add29c4dd') in 0.492624 seconds
Number of updated asset objects reloaded before import = 0
Number of asset objects unloaded after import = 221
========================================================================
Received Import Request.
  Time since last request: 5.312515 seconds.
  path: Assets/MobileARTemplateAssets/Prefabs/Avatar/W@Bboy Hip Hop Move.fbx
  artifactKey: Guid(2ffb1f80f0ff845b7b20d395f9673604) Importer(815301076,1909f56bfc062723c751e8b465ee728b)
Start importing Assets/MobileARTemplateAssets/Prefabs/Avatar/W@Bboy Hip Hop Move.fbx using Guid(2ffb1f80f0ff845b7b20d395f9673604) Importer(815301076,1909f56bfc062723c751e8b465ee728b)  -> (artifact id: '784f2c5cf93e67fed033eedd69954a00') in 0.223426 seconds
Number of updated asset objects reloaded before import = 0
Number of asset objects unloaded after import = 223
========================================================================
Received Import Request.
  Time since last request: 6.060696 seconds.
  path: Assets/MobileARTemplateAssets/Prefabs/Avatar/W@Bboy Hip Hop Move.fbx
  artifactKey: Guid(2ffb1f80f0ff845b7b20d395f9673604) Importer(815301076,1909f56bfc062723c751e8b465ee728b)
Start importing Assets/MobileARTemplateAssets/Prefabs/Avatar/W@Bboy Hip Hop Move.fbx using Guid(2ffb1f80f0ff845b7b20d395f9673604) Importer(815301076,1909f56bfc062723c751e8b465ee728b)  -> (artifact id: '9cd1e89eee448349bfc169f23dbc7730') in 0.235886 seconds
Number of updated asset objects reloaded before import = 0
Number of asset objects unloaded after import = 223
========================================================================
Received Import Request.
  Time since last request: 16.115563 seconds.
  path: Assets/MobileARTemplateAssets/Prefabs/Avatar/W@Bboy Hip Hop Move.fbx
  artifactKey: Guid(2ffb1f80f0ff845b7b20d395f9673604) Importer(815301076,1909f56bfc062723c751e8b465ee728b)
Start importing Assets/MobileARTemplateAssets/Prefabs/Avatar/W@Bboy Hip Hop Move.fbx using Guid(2ffb1f80f0ff845b7b20d395f9673604) Importer(815301076,1909f56bfc062723c751e8b465ee728b)  -> (artifact id: '7661a5800e64571aaf5aca7fc965e6ca') in 0.213906 seconds
Number of updated asset objects reloaded before import = 0
Number of asset objects unloaded after import = 230
========================================================================
Received Import Request.
  Time since last request: 6.287578 seconds.
  path: Assets/MobileARTemplateAssets/Prefabs/Avatar/W@Bboy Hip Hop Move.fbx
  artifactKey: Guid(2ffb1f80f0ff845b7b20d395f9673604) Importer(815301076,1909f56bfc062723c751e8b465ee728b)
Start importing Assets/MobileARTemplateAssets/Prefabs/Avatar/W@Bboy Hip Hop Move.fbx using Guid(2ffb1f80f0ff845b7b20d395f9673604) Importer(815301076,1909f56bfc062723c751e8b465ee728b)  -> (artifact id: '128b3821f3e0f88a89b761c79d16060e') in 0.388919 seconds
Number of updated asset objects reloaded before import = 0
Number of asset objects unloaded after import = 230
========================================================================
Received Import Request.
  Time since last request: 42.753739 seconds.
  path: Assets/MobileARTemplateAssets/Prefabs/Avatar/W Animator Controller.controller
  artifactKey: Guid(c64447a608cc346ae92b58cd2c69931e) Importer(815301076,1909f56bfc062723c751e8b465ee728b)
Start importing Assets/MobileARTemplateAssets/Prefabs/Avatar/W Animator Controller.controller using Guid(c64447a608cc346ae92b58cd2c69931e) Importer(815301076,1909f56bfc062723c751e8b465ee728b)  -> (artifact id: 'e46976e36d94fe463f9ba93b09975407') in 0.025247 seconds
Number of updated asset objects reloaded before import = 0
Number of asset objects unloaded after import = 1
========================================================================
Received Import Request.
  Time since last request: 53.381286 seconds.
  path: Assets/MobileARTemplateAssets/Prefabs/Avatar/W@Bboy Hip Hop Move.prefab
  artifactKey: Guid(a5b7f856a53c04252985d90f53b29ea1) Importer(815301076,1909f56bfc062723c751e8b465ee728b)
Start importing Assets/MobileARTemplateAssets/Prefabs/Avatar/W@Bboy Hip Hop Move.prefab using Guid(a5b7f856a53c04252985d90f53b29ea1) Importer(815301076,1909f56bfc062723c751e8b465ee728b)  -> (artifact id: '1a11cc4f61670dbcffe30c04dfef42e9') in 0.106580 seconds
Number of updated asset objects reloaded before import = 0
Number of asset objects unloaded after import = 432
========================================================================
Received Import Request.
  Time since last request: 122.689599 seconds.
  path: Assets/MobileARTemplateAssets/Prefabs/Plants/Wade_Model_Antherium.fbx
  artifactKey: Guid(2c670f7cd5f1943558455443b582eda5) Importer(815301076,1909f56bfc062723c751e8b465ee728b)
Start importing Assets/MobileARTemplateAssets/Prefabs/Plants/Wade_Model_Antherium.fbx using Guid(2c670f7cd5f1943558455443b582eda5) Importer(815301076,1909f56bfc062723c751e8b465ee728b)  -> (artifact id: 'b98dba671b16328961007d90f21d97e1') in 0.155663 seconds
Number of updated asset objects reloaded before import = 0
Number of asset objects unloaded after import = 74
========================================================================
Received Import Request.
  Time since last request: 22.640308 seconds.
  path: Assets/MobileARTemplateAssets/Prefabs/Plants/Antherium
  artifactKey: Guid(dfd087e6c14fc44f9a2989cf833cfe77) Importer(815301076,1909f56bfc062723c751e8b465ee728b)
Start importing Assets/MobileARTemplateAssets/Prefabs/Plants/Antherium using Guid(dfd087e6c14fc44f9a2989cf833cfe77) Importer(815301076,1909f56bfc062723c751e8b465ee728b)  -> (artifact id: '6034471916c6b428b20d782924b161ad') in 0.011978 seconds
Number of updated asset objects reloaded before import = 0
Number of asset objects unloaded after import = 0
========================================================================
Received Import Request.
  Time since last request: 7.424837 seconds.
  path: Assets/MobileARTemplateAssets/Prefabs/Plants/Antherium/antherium
  artifactKey: Guid(74e9a36a4557e4cefa35fcec85ee1925) Importer(815301076,1909f56bfc062723c751e8b465ee728b)
Start importing Assets/MobileARTemplateAssets/Prefabs/Plants/Antherium/antherium using Guid(74e9a36a4557e4cefa35fcec85ee1925) Importer(815301076,1909f56bfc062723c751e8b465ee728b)  -> (artifact id: '34a426b507b163435a80fd9f7bf1a46a') in 0.001945 seconds
Number of updated asset objects reloaded before import = 0
Number of asset objects unloaded after import = 0
========================================================================
Received Import Request.
  Time since last request: 3.168721 seconds.
  path: Assets/MobileARTemplateAssets/Prefabs/Plants/Antherium/Wade_Model_Antherium.fbx
  artifactKey: Guid(a15513a2cf89c4e3991de58825df87a4) Importer(815301076,1909f56bfc062723c751e8b465ee728b)
Start importing Assets/MobileARTemplateAssets/Prefabs/Plants/Antherium/Wade_Model_Antherium.fbx using Guid(a15513a2cf89c4e3991de58825df87a4) Importer(815301076,1909f56bfc062723c751e8b465ee728b)  -> (artifact id: 'a25a539fe11d3e1503adb45fcce5365f') in 0.200462 seconds
Number of updated asset objects reloaded before import = 0
Number of asset objects unloaded after import = 74
========================================================================
Received Import Request.
  Time since last request: 230.287367 seconds.
  path: Assets/MobileARTemplateAssets/Prefabs/Plants/antherium
  artifactKey: Guid(dfd087e6c14fc44f9a2989cf833cfe77) Importer(815301076,1909f56bfc062723c751e8b465ee728b)
Start importing Assets/MobileARTemplateAssets/Prefabs/Plants/antherium using Guid(dfd087e6c14fc44f9a2989cf833cfe77) Importer(815301076,1909f56bfc062723c751e8b465ee728b)  -> (artifact id: 'bcae27d9924e25535e4e4c033400aa70') in 0.011713 seconds
Number of updated asset objects reloaded before import = 0
Number of asset objects unloaded after import = 0
========================================================================
Received Import Request.
  Time since last request: 21.936383 seconds.
  path: Assets/MobileARTemplateAssets/Prefabs/Plants/antherium/Wade_Model_Antherium.fbx
  artifactKey: Guid(a15513a2cf89c4e3991de58825df87a4) Importer(815301076,1909f56bfc062723c751e8b465ee728b)
Start importing Assets/MobileARTemplateAssets/Prefabs/Plants/antherium/Wade_Model_Antherium.fbx using Guid(a15513a2cf89c4e3991de58825df87a4) Importer(815301076,1909f56bfc062723c751e8b465ee728b)  -> (artifact id: '4c660ec3337c84f8a1157d22ece3126c') in 0.186673 seconds
Number of updated asset objects reloaded before import = 0
Number of asset objects unloaded after import = 74
========================================================================
Received Import Request.
  Time since last request: 6.111547 seconds.
  path: Assets/MobileARTemplateAssets/Prefabs/Plants/antherium/Wade_Model_Antherium.fbx
  artifactKey: Guid(a15513a2cf89c4e3991de58825df87a4) Importer(815301076,1909f56bfc062723c751e8b465ee728b)
Start importing Assets/MobileARTemplateAssets/Prefabs/Plants/antherium/Wade_Model_Antherium.fbx using Guid(a15513a2cf89c4e3991de58825df87a4) Importer(815301076,1909f56bfc062723c751e8b465ee728b)  -> (artifact id: 'eb3c7b72457e61bf5d3da94e6e31e0d7') in 0.083406 seconds
Number of updated asset objects reloaded before import = 0
Number of asset objects unloaded after import = 74
========================================================================
Received Import Request.
  Time since last request: 3.884421 seconds.
  path: Assets/MobileARTemplateAssets/Prefabs/Plants/antherium/Wade_Model_Antherium.fbx
  artifactKey: Guid(a15513a2cf89c4e3991de58825df87a4) Importer(815301076,1909f56bfc062723c751e8b465ee728b)
Start importing Assets/MobileARTemplateAssets/Prefabs/Plants/antherium/Wade_Model_Antherium.fbx using Guid(a15513a2cf89c4e3991de58825df87a4) Importer(815301076,1909f56bfc062723c751e8b465ee728b)  -> (artifact id: '6f4de9e5a32beb4ccc42b1705900073b') in 0.069123 seconds
Number of updated asset objects reloaded before import = 0
Number of asset objects unloaded after import = 74
========================================================================
Received Import Request.
  Time since last request: 4.626867 seconds.
  path: Assets/MobileARTemplateAssets/Prefabs/Plants/antherium/Wade_Model_Antherium.fbx
  artifactKey: Guid(a15513a2cf89c4e3991de58825df87a4) Importer(815301076,1909f56bfc062723c751e8b465ee728b)
Start importing Assets/MobileARTemplateAssets/Prefabs/Plants/antherium/Wade_Model_Antherium.fbx using Guid(a15513a2cf89c4e3991de58825df87a4) Importer(815301076,1909f56bfc062723c751e8b465ee728b)  -> (artifact id: '29d342c825f0b377539dbec93f9cbf38') in 0.073031 seconds
Number of updated asset objects reloaded before import = 0
Number of asset objects unloaded after import = 74
========================================================================
Received Import Request.
  Time since last request: 12.626601 seconds.
  path: Assets/MobileARTemplateAssets/Prefabs/Plants/antherium/Wade_Model_Antherium.fbx
  artifactKey: Guid(a15513a2cf89c4e3991de58825df87a4) Importer(815301076,1909f56bfc062723c751e8b465ee728b)
Start importing Assets/MobileARTemplateAssets/Prefabs/Plants/antherium/Wade_Model_Antherium.fbx using Guid(a15513a2cf89c4e3991de58825df87a4) Importer(815301076,1909f56bfc062723c751e8b465ee728b)  -> (artifact id: 'c3c23ed5ad971783cfa1c7c987326b9d') in 0.069502 seconds
Number of updated asset objects reloaded before import = 0
Number of asset objects unloaded after import = 74
========================================================================
Received Import Request.
  Time since last request: 11.625067 seconds.
  path: Assets/MobileARTemplateAssets/Prefabs/Plants/antherium/Wade_Model_Antherium.fbx
  artifactKey: Guid(a15513a2cf89c4e3991de58825df87a4) Importer(815301076,1909f56bfc062723c751e8b465ee728b)
Start importing Assets/MobileARTemplateAssets/Prefabs/Plants/antherium/Wade_Model_Antherium.fbx using Guid(a15513a2cf89c4e3991de58825df87a4) Importer(815301076,1909f56bfc062723c751e8b465ee728b)  -> (artifact id: '91e8a901a52d446da462bac30b0cc85d') in 0.068590 seconds
Number of updated asset objects reloaded before import = 0
Number of asset objects unloaded after import = 74
========================================================================
Received Import Request.
  Time since last request: 5.927650 seconds.
  path: Assets/MobileARTemplateAssets/Prefabs/Plants/antherium/Wade_Model_Antherium.fbx
  artifactKey: Guid(a15513a2cf89c4e3991de58825df87a4) Importer(815301076,1909f56bfc062723c751e8b465ee728b)
Start importing Assets/MobileARTemplateAssets/Prefabs/Plants/antherium/Wade_Model_Antherium.fbx using Guid(a15513a2cf89c4e3991de58825df87a4) Importer(815301076,1909f56bfc062723c751e8b465ee728b)  -> (artifact id: '9d15adecc99a026dd26861aa6b5cbb48') in 0.066826 seconds
Number of updated asset objects reloaded before import = 0
Number of asset objects unloaded after import = 74
========================================================================
Received Import Request.
  Time since last request: 11.390901 seconds.
  path: Assets/MobileARTemplateAssets/Prefabs/Plants/antherium/Wade_Model_Antherium.fbx
  artifactKey: Guid(a15513a2cf89c4e3991de58825df87a4) Importer(815301076,1909f56bfc062723c751e8b465ee728b)
Start importing Assets/MobileARTemplateAssets/Prefabs/Plants/antherium/Wade_Model_Antherium.fbx using Guid(a15513a2cf89c4e3991de58825df87a4) Importer(815301076,1909f56bfc062723c751e8b465ee728b)  -> (artifact id: '8ce60509a6d5abbd26505f4bdde8b4cc') in 0.126038 seconds
Number of updated asset objects reloaded before import = 0
Number of asset objects unloaded after import = 74
========================================================================
Received Import Request.
  Time since last request: 4.258350 seconds.
  path: Assets/MobileARTemplateAssets/Prefabs/Plants/antherium/Wade_Model_Antherium.fbx
  artifactKey: Guid(a15513a2cf89c4e3991de58825df87a4) Importer(815301076,1909f56bfc062723c751e8b465ee728b)
Start importing Assets/MobileARTemplateAssets/Prefabs/Plants/antherium/Wade_Model_Antherium.fbx using Guid(a15513a2cf89c4e3991de58825df87a4) Importer(815301076,1909f56bfc062723c751e8b465ee728b)  -> (artifact id: '6387e6d10c4621c2df4f13a364f7b55f') in 0.062416 seconds
Number of updated asset objects reloaded before import = 0
Number of asset objects unloaded after import = 74
========================================================================
Received Import Request.
  Time since last request: 13.247264 seconds.
  path: Assets/MobileARTemplateAssets/Prefabs/Plants/antherium/Wade_Model_Antherium.fbx
  artifactKey: Guid(a15513a2cf89c4e3991de58825df87a4) Importer(815301076,1909f56bfc062723c751e8b465ee728b)
Start importing Assets/MobileARTemplateAssets/Prefabs/Plants/antherium/Wade_Model_Antherium.fbx using Guid(a15513a2cf89c4e3991de58825df87a4) Importer(815301076,1909f56bfc062723c751e8b465ee728b)  -> (artifact id: '22a621c95fa4e61030a2309e047517c5') in 0.072651 seconds
Number of updated asset objects reloaded before import = 0
Number of asset objects unloaded after import = 75
========================================================================
Received Import Request.
  Time since last request: 16.159539 seconds.
  path: Assets/MobileARTemplateAssets/Prefabs/Plants/antherium/Wade_Model_Antherium.fbx
  artifactKey: Guid(a15513a2cf89c4e3991de58825df87a4) Importer(815301076,1909f56bfc062723c751e8b465ee728b)
Start importing Assets/MobileARTemplateAssets/Prefabs/Plants/antherium/Wade_Model_Antherium.fbx using Guid(a15513a2cf89c4e3991de58825df87a4) Importer(815301076,1909f56bfc062723c751e8b465ee728b)  -> (artifact id: '26276c3959635e10281a305dcb279e67') in 0.137578 seconds
Number of updated asset objects reloaded before import = 0
Number of asset objects unloaded after import = 74
========================================================================
Received Import Request.
  Time since last request: 16.780259 seconds.
  path: Assets/MobileARTemplateAssets/Prefabs/Plants/antherium/Wade_Model_Antherium.fbx
  artifactKey: Guid(a15513a2cf89c4e3991de58825df87a4) Importer(815301076,1909f56bfc062723c751e8b465ee728b)
Start importing Assets/MobileARTemplateAssets/Prefabs/Plants/antherium/Wade_Model_Antherium.fbx using Guid(a15513a2cf89c4e3991de58825df87a4) Importer(815301076,1909f56bfc062723c751e8b465ee728b)  -> (artifact id: 'b173e9c0287b0f57b9d5981f84794f76') in 0.117744 seconds
Number of updated asset objects reloaded before import = 0
Number of asset objects unloaded after import = 74
========================================================================
Received Import Request.
  Time since last request: 23.305556 seconds.
  path: Assets/MobileARTemplateAssets/Prefabs/Plants/antherium/Wade_Model_Antherium.fbx
  artifactKey: Guid(a15513a2cf89c4e3991de58825df87a4) Importer(815301076,1909f56bfc062723c751e8b465ee728b)
Start importing Assets/MobileARTemplateAssets/Prefabs/Plants/antherium/Wade_Model_Antherium.fbx using Guid(a15513a2cf89c4e3991de58825df87a4) Importer(815301076,1909f56bfc062723c751e8b465ee728b)  -> (artifact id: '1520b3324c0b8608b72e160481eceac3') in 0.102174 seconds
Number of updated asset objects reloaded before import = 0
Number of asset objects unloaded after import = 74
========================================================================
Received Import Request.
  Time since last request: 0.088163 seconds.
  path: Assets/MobileARTemplateAssets/Prefabs/Plants/antherium/Wade_Model_Antherium.fbx
  artifactKey: Guid(a15513a2cf89c4e3991de58825df87a4) Importer(815301076,1909f56bfc062723c751e8b465ee728b)
Start importing Assets/MobileARTemplateAssets/Prefabs/Plants/antherium/Wade_Model_Antherium.fbx using Guid(a15513a2cf89c4e3991de58825df87a4) Importer(815301076,1909f56bfc062723c751e8b465ee728b)  -> (artifact id: 'e2c4111c4b655da2eb81d1b86d0681e8') in 0.081119 seconds
Number of updated asset objects reloaded before import = 0
Number of asset objects unloaded after import = 74
========================================================================
Received Import Request.
  Time since last request: 24.727696 seconds.
  path: Assets/MobileARTemplateAssets/Prefabs/Plants/antherium/FlowerStalk_Base_color.png
  artifactKey: Guid(9ab344d3712a44d579cb87e79221a3dd) Importer(815301076,1909f56bfc062723c751e8b465ee728b)
Start importing Assets/MobileARTemplateAssets/Prefabs/Plants/antherium/FlowerStalk_Base_color.png using Guid(9ab344d3712a44d579cb87e79221a3dd) Importer(815301076,1909f56bfc062723c751e8b465ee728b)  -> (artifact id: '5f069347ed1cc74045ede7a8b335b37c') in 0.123549 seconds
Number of updated asset objects reloaded before import = 0
Number of asset objects unloaded after import = 2
========================================================================
Received Import Request.
  Time since last request: 0.865973 seconds.
  path: Assets/MobileARTemplateAssets/Prefabs/Plants/antherium/FlowerStalk_Height.png
  artifactKey: Guid(cebfffb5c09fb4e61896b7838a01c852) Importer(815301076,1909f56bfc062723c751e8b465ee728b)
Start importing Assets/MobileARTemplateAssets/Prefabs/Plants/antherium/FlowerStalk_Height.png using Guid(cebfffb5c09fb4e61896b7838a01c852) Importer(815301076,1909f56bfc062723c751e8b465ee728b)  -> (artifact id: 'af737c0c9b37a1b2d621e8b79a86cb2f') in 0.006007 seconds
Number of updated asset objects reloaded before import = 0
Number of asset objects unloaded after import = 2
========================================================================
Received Import Request.
  Time since last request: 25.926360 seconds.
  path: Assets/MobileARTemplateAssets/Prefabs/Plants/antherium/Materials
  artifactKey: Guid(340ca8b754b8c462e826c16dcb3d9173) Importer(815301076,1909f56bfc062723c751e8b465ee728b)
Start importing Assets/MobileARTemplateAssets/Prefabs/Plants/antherium/Materials using Guid(340ca8b754b8c462e826c16dcb3d9173) Importer(815301076,1909f56bfc062723c751e8b465ee728b)  -> (artifact id: 'f0a7288374cdb4fe3f76c3a7b4fe729b') in 0.004693 seconds
Number of updated asset objects reloaded before import = 0
Number of asset objects unloaded after import = 0
========================================================================
Received Import Request.
  Time since last request: 14.419177 seconds.
  path: Assets/MobileARTemplateAssets/Prefabs/Plants/antherium/Materials/Wade_Model_Antherium.fbx
  artifactKey: Guid(085b4407ad87042de9e1bba5567d2d83) Importer(815301076,1909f56bfc062723c751e8b465ee728b)
Start importing Assets/MobileARTemplateAssets/Prefabs/Plants/antherium/Materials/Wade_Model_Antherium.fbx using Guid(085b4407ad87042de9e1bba5567d2d83) Importer(815301076,1909f56bfc062723c751e8b465ee728b)  -> (artifact id: '60ee129ca3a7d37be5e162a53a2661a8') in 0.150837 seconds
Number of updated asset objects reloaded before import = 0
Number of asset objects unloaded after import = 74
========================================================================
Received Import Request.
  Time since last request: 12.721018 seconds.
  path: Assets/MobileARTemplateAssets/Prefabs/Plants/antherium/Materials/Wade_Model_Antherium.fbx
  artifactKey: Guid(085b4407ad87042de9e1bba5567d2d83) Importer(815301076,1909f56bfc062723c751e8b465ee728b)
Start importing Assets/MobileARTemplateAssets/Prefabs/Plants/antherium/Materials/Wade_Model_Antherium.fbx using Guid(085b4407ad87042de9e1bba5567d2d83) Importer(815301076,1909f56bfc062723c751e8b465ee728b)  -> (artifact id: '89b68310201dbdddd30bbc17e8734dfc') in 0.091345 seconds
Number of updated asset objects reloaded before import = 0
Number of asset objects unloaded after import = 74
========================================================================
Received Import Request.
  Time since last request: 146.144315 seconds.
  path: Assets/MobileARTemplateAssets/Prefabs/Plants/antherium/Wade_Model_Antherium.prefab
  artifactKey: Guid(cd5d767b075c6465685c9e3c2de7d93e) Importer(815301076,1909f56bfc062723c751e8b465ee728b)
Start importing Assets/MobileARTemplateAssets/Prefabs/Plants/antherium/Wade_Model_Antherium.prefab using Guid(cd5d767b075c6465685c9e3c2de7d93e) Importer(815301076,1909f56bfc062723c751e8b465ee728b)  -> (artifact id: '5e0d4b5c1ac8df092ddc226e98ddc8b9') in 0.080462 seconds
Number of updated asset objects reloaded before import = 0
Number of asset objects unloaded after import = 133
========================================================================
Received Prepare
Refreshing native plugins compatible for Editor in 3.56 ms, found 3 plugins.
Preloading 0 native plugins for Editor in 0.00 ms.
Unloading 41 Unused Serialized files (Serialized files now loaded: 0)
Unloading 41 unused Assets / (4.4 MB). Loaded Objects now: 7415.
Memory consumption went from 141.3 MB to 136.9 MB.
Total: 108.065708 ms (FindLiveObjects: 8.306333 ms CreateObjectMapping: 0.367208 ms MarkObjects: 85.988084 ms  DeleteObjects: 13.403042 ms)

Prepare: number of updated asset objects reloaded= 0
AssetImportParameters requested are different than current active one (requested -> active):
  custom:container-demuxer-ogg: 62fdf1f143b41e24485cea50d1cbac27 -> 
  custom:container-muxer-webm: aa71ff27fc2769a1b78a27578f13a17b -> 
  custom:video-decoder-webm-vp8: 9c59270c3fd7afecdb556c50c9e8de78 -> 
  custom:SearchIndexIgnoredProperties: e643bd26f0fe6173181afceb89e7c659 -> 
  custom:AudioImporter_EditorPlatform: 3918e3fc78b5a79bad01e8451be0beb8 -> 
  custom:audio-decoder-ogg-vorbis: bf7c407c2cedff20999df2af8eb42d56 -> 
  custom:audio-encoder-webm-vorbis: bf7c407c2cedff20999df2af8eb42d56 -> 
  custom:video-decoder-ogg-theora: a1e56fd34408186e4bbccfd4996cb3dc -> 
  custom:CustomObjectIndexerAttribute: 72b91833f83ae208fae7752999fa3104 -> 
  custom:container-demuxer-webm: 4f35f7cbe854078d1ac9338744f61a02 -> 
  custom:framework-osx-AVFoundation: e770b220cccbd017edd2c1fefb359320 -> 
  custom:video-encoder-webm-vp8: eb34c28f22e8b96e1ab97ce403110664 -> 
========================================================================
Received Prepare
Refreshing native plugins compatible for Editor in 3.11 ms, found 3 plugins.
Preloading 0 native plugins for Editor in 0.00 ms.
Unloading 41 Unused Serialized files (Serialized files now loaded: 0)
Unloading 41 unused Assets / (4.3 MB). Loaded Objects now: 7415.
Memory consumption went from 139.3 MB to 134.9 MB.
Total: 50.818833 ms (FindLiveObjects: 1.452042 ms CreateObjectMapping: 0.209166 ms MarkObjects: 46.889042 ms  DeleteObjects: 2.268084 ms)

Prepare: number of updated asset objects reloaded= 0
AssetImportParameters requested are different than current active one (requested -> active):
  custom:container-demuxer-ogg: 62fdf1f143b41e24485cea50d1cbac27 -> 
  custom:container-muxer-webm: aa71ff27fc2769a1b78a27578f13a17b -> 
  custom:video-decoder-webm-vp8: 9c59270c3fd7afecdb556c50c9e8de78 -> 
  custom:SearchIndexIgnoredProperties: e643bd26f0fe6173181afceb89e7c659 -> 
  custom:AudioImporter_EditorPlatform: 3918e3fc78b5a79bad01e8451be0beb8 -> 
  custom:audio-decoder-ogg-vorbis: bf7c407c2cedff20999df2af8eb42d56 -> 
  custom:audio-encoder-webm-vorbis: bf7c407c2cedff20999df2af8eb42d56 -> 
  custom:video-decoder-ogg-theora: a1e56fd34408186e4bbccfd4996cb3dc -> 
  custom:CustomObjectIndexerAttribute: 72b91833f83ae208fae7752999fa3104 -> 
  custom:container-demuxer-webm: 4f35f7cbe854078d1ac9338744f61a02 -> 
  custom:framework-osx-AVFoundation: e770b220cccbd017edd2c1fefb359320 -> 
  custom:video-encoder-webm-vp8: eb34c28f22e8b96e1ab97ce403110664 -> 
========================================================================
Received Prepare
Refreshing native plugins compatible for Editor in 2.58 ms, found 3 plugins.
Preloading 0 native plugins for Editor in 0.00 ms.
Unloading 41 Unused Serialized files (Serialized files now loaded: 0)
Unloading 41 unused Assets / (4.2 MB). Loaded Objects now: 7415.
Memory consumption went from 137.2 MB to 132.9 MB.
Total: 18.283750 ms (FindLiveObjects: 0.714375 ms CreateObjectMapping: 0.160958 ms MarkObjects: 15.025083 ms  DeleteObjects: 2.382875 ms)

Prepare: number of updated asset objects reloaded= 0
AssetImportParameters requested are different than current active one (requested -> active):
  custom:container-demuxer-ogg: 62fdf1f143b41e24485cea50d1cbac27 -> 
  custom:container-muxer-webm: aa71ff27fc2769a1b78a27578f13a17b -> 
  custom:video-decoder-webm-vp8: 9c59270c3fd7afecdb556c50c9e8de78 -> 
  custom:SearchIndexIgnoredProperties: e643bd26f0fe6173181afceb89e7c659 -> 
  custom:AudioImporter_EditorPlatform: 3918e3fc78b5a79bad01e8451be0beb8 -> 
  custom:audio-decoder-ogg-vorbis: bf7c407c2cedff20999df2af8eb42d56 -> 
  custom:audio-encoder-webm-vorbis: bf7c407c2cedff20999df2af8eb42d56 -> 
  custom:video-decoder-ogg-theora: a1e56fd34408186e4bbccfd4996cb3dc -> 
  custom:CustomObjectIndexerAttribute: 72b91833f83ae208fae7752999fa3104 -> 
  custom:container-demuxer-webm: 4f35f7cbe854078d1ac9338744f61a02 -> 
  custom:framework-osx-AVFoundation: e770b220cccbd017edd2c1fefb359320 -> 
  custom:video-encoder-webm-vp8: eb34c28f22e8b96e1ab97ce403110664 -> 
========================================================================
Received Import Request.
  Time since last request: 634.791412 seconds.
  path: Assets/MobileARTemplateAssets/Prefabs/Plants/antherium/Wade_Model_Antherium.prefab
  artifactKey: Guid(cd5d767b075c6465685c9e3c2de7d93e) Importer(815301076,1909f56bfc062723c751e8b465ee728b)
Start importing Assets/MobileARTemplateAssets/Prefabs/Plants/antherium/Wade_Model_Antherium.prefab using Guid(cd5d767b075c6465685c9e3c2de7d93e) Importer(815301076,1909f56bfc062723c751e8b465ee728b)  -> (artifact id: '33950bba659425b50fd2db12e67f779c') in 0.142274 seconds
Number of updated asset objects reloaded before import = 0
Number of asset objects unloaded after import = 133
========================================================================
Received Import Request.
  Time since last request: 2.081764 seconds.
  path: Assets/MobileARTemplateAssets/Prefabs/Plants/antherium/Wade_Model_Antherium.prefab
  artifactKey: Guid(cd5d767b075c6465685c9e3c2de7d93e) Importer(815301076,1909f56bfc062723c751e8b465ee728b)
Start importing Assets/MobileARTemplateAssets/Prefabs/Plants/antherium/Wade_Model_Antherium.prefab using Guid(cd5d767b075c6465685c9e3c2de7d93e) Importer(815301076,1909f56bfc062723c751e8b465ee728b)  -> (artifact id: '132a883bad7efff86780e0e6992bf99f') in 0.013752 seconds
Number of updated asset objects reloaded before import = 0
Number of asset objects unloaded after import = 133
========================================================================
Received Import Request.
  Time since last request: 4.369401 seconds.
  path: Assets/MobileARTemplateAssets/Prefabs/Plants/antherium/Wade_Model_Antherium.prefab
  artifactKey: Guid(cd5d767b075c6465685c9e3c2de7d93e) Importer(815301076,1909f56bfc062723c751e8b465ee728b)
Start importing Assets/MobileARTemplateAssets/Prefabs/Plants/antherium/Wade_Model_Antherium.prefab using Guid(cd5d767b075c6465685c9e3c2de7d93e) Importer(815301076,1909f56bfc062723c751e8b465ee728b)  -> (artifact id: '97571f2ff283d7cdc5c02c07968ee3f1') in 0.061461 seconds
Number of updated asset objects reloaded before import = 0
Number of asset objects unloaded after import = 133
========================================================================
Received Prepare
Refreshing native plugins compatible for Editor in 2.71 ms, found 3 plugins.
Preloading 0 native plugins for Editor in 0.00 ms.
Unloading 41 Unused Serialized files (Serialized files now loaded: 0)
Unloading 41 unused Assets / (4.3 MB). Loaded Objects now: 7415.
Memory consumption went from 135.3 MB to 131.0 MB.
Total: 32.915209 ms (FindLiveObjects: 0.575250 ms CreateObjectMapping: 0.154708 ms MarkObjects: 29.717542 ms  DeleteObjects: 2.467167 ms)

Prepare: number of updated asset objects reloaded= 0
AssetImportParameters requested are different than current active one (requested -> active):
  custom:container-demuxer-ogg: 62fdf1f143b41e24485cea50d1cbac27 -> 
  custom:container-muxer-webm: aa71ff27fc2769a1b78a27578f13a17b -> 
  custom:video-decoder-webm-vp8: 9c59270c3fd7afecdb556c50c9e8de78 -> 
  custom:SearchIndexIgnoredProperties: e643bd26f0fe6173181afceb89e7c659 -> 
  custom:AudioImporter_EditorPlatform: 3918e3fc78b5a79bad01e8451be0beb8 -> 
  custom:audio-decoder-ogg-vorbis: bf7c407c2cedff20999df2af8eb42d56 -> 
  custom:audio-encoder-webm-vorbis: bf7c407c2cedff20999df2af8eb42d56 -> 
  custom:video-decoder-ogg-theora: a1e56fd34408186e4bbccfd4996cb3dc -> 
  custom:CustomObjectIndexerAttribute: 72b91833f83ae208fae7752999fa3104 -> 
  custom:container-demuxer-webm: 4f35f7cbe854078d1ac9338744f61a02 -> 
  custom:framework-osx-AVFoundation: e770b220cccbd017edd2c1fefb359320 -> 
  custom:video-encoder-webm-vp8: eb34c28f22e8b96e1ab97ce403110664 -> 
========================================================================
Received Import Request.
  Time since last request: 86.812328 seconds.
  path: Assets/MobileARTemplateAssets/Prefabs/Plants/antherium/Wade_Model_Antherium.prefab
  artifactKey: Guid(cd5d767b075c6465685c9e3c2de7d93e) Importer(815301076,1909f56bfc062723c751e8b465ee728b)
Start importing Assets/MobileARTemplateAssets/Prefabs/Plants/antherium/Wade_Model_Antherium.prefab using Guid(cd5d767b075c6465685c9e3c2de7d93e) Importer(815301076,1909f56bfc062723c751e8b465ee728b)  -> (artifact id: '30635fc93eba739295ed509ba3b1edec') in 0.086652 seconds
Number of updated asset objects reloaded before import = 0
Number of asset objects unloaded after import = 133
========================================================================
Received Import Request.
  Time since last request: 3.199683 seconds.
  path: Assets/MobileARTemplateAssets/Prefabs/Plants/antherium/Wade_Model_Antherium.prefab
  artifactKey: Guid(cd5d767b075c6465685c9e3c2de7d93e) Importer(815301076,1909f56bfc062723c751e8b465ee728b)
Start importing Assets/MobileARTemplateAssets/Prefabs/Plants/antherium/Wade_Model_Antherium.prefab using Guid(cd5d767b075c6465685c9e3c2de7d93e) Importer(815301076,1909f56bfc062723c751e8b465ee728b)  -> (artifact id: '499f312b87e4d33cb0f58c02464fbe41') in 0.028370 seconds
Number of updated asset objects reloaded before import = 0
Number of asset objects unloaded after import = 133
========================================================================
Received Import Request.
  Time since last request: 8.689576 seconds.
  path: Assets/MobileARTemplateAssets/Prefabs/Plants/antherium/Wade_Model_Antherium.prefab
  artifactKey: Guid(cd5d767b075c6465685c9e3c2de7d93e) Importer(815301076,1909f56bfc062723c751e8b465ee728b)
Start importing Assets/MobileARTemplateAssets/Prefabs/Plants/antherium/Wade_Model_Antherium.prefab using Guid(cd5d767b075c6465685c9e3c2de7d93e) Importer(815301076,1909f56bfc062723c751e8b465ee728b)  -> (artifact id: '4ad5d74d8fdcda763ec0c43980ff0cd0') in 0.064986 seconds
Number of updated asset objects reloaded before import = 0
Number of asset objects unloaded after import = 133
========================================================================
Received Prepare
Refreshing native plugins compatible for Editor in 5.32 ms, found 3 plugins.
Preloading 0 native plugins for Editor in 0.00 ms.
Unloading 41 Unused Serialized files (Serialized files now loaded: 0)
Unloading 41 unused Assets / (4.3 MB). Loaded Objects now: 7415.
Memory consumption went from 133.2 MB to 129.0 MB.
Total: 219.217875 ms (FindLiveObjects: 88.439875 ms CreateObjectMapping: 0.562666 ms MarkObjects: 84.732958 ms  DeleteObjects: 45.481583 ms)

Prepare: number of updated asset objects reloaded= 0
AssetImportParameters requested are different than current active one (requested -> active):
  custom:container-demuxer-ogg: 62fdf1f143b41e24485cea50d1cbac27 -> 
  custom:container-muxer-webm: aa71ff27fc2769a1b78a27578f13a17b -> 
  custom:video-decoder-webm-vp8: 9c59270c3fd7afecdb556c50c9e8de78 -> 
  custom:SearchIndexIgnoredProperties: e643bd26f0fe6173181afceb89e7c659 -> 
  custom:AudioImporter_EditorPlatform: 3918e3fc78b5a79bad01e8451be0beb8 -> 
  custom:audio-decoder-ogg-vorbis: bf7c407c2cedff20999df2af8eb42d56 -> 
  custom:audio-encoder-webm-vorbis: bf7c407c2cedff20999df2af8eb42d56 -> 
  custom:video-decoder-ogg-theora: a1e56fd34408186e4bbccfd4996cb3dc -> 
  custom:CustomObjectIndexerAttribute: 72b91833f83ae208fae7752999fa3104 -> 
  custom:container-demuxer-webm: 4f35f7cbe854078d1ac9338744f61a02 -> 
  custom:framework-osx-AVFoundation: e770b220cccbd017edd2c1fefb359320 -> 
  custom:video-encoder-webm-vp8: eb34c28f22e8b96e1ab97ce403110664 -> 
========================================================================
Received Import Request.
  Time since last request: 134.659248 seconds.
  path: Assets/MobileARTemplateAssets/Prefabs/Plants/antherium/Wade_Model_Antherium.prefab
  artifactKey: Guid(cd5d767b075c6465685c9e3c2de7d93e) Importer(815301076,1909f56bfc062723c751e8b465ee728b)
Start importing Assets/MobileARTemplateAssets/Prefabs/Plants/antherium/Wade_Model_Antherium.prefab using Guid(cd5d767b075c6465685c9e3c2de7d93e) Importer(815301076,1909f56bfc062723c751e8b465ee728b)  -> (artifact id: '9429c241fe3c700e778a17d15c853f59') in 0.664362 seconds
Number of updated asset objects reloaded before import = 0
Number of asset objects unloaded after import = 133
========================================================================
Received Prepare
Refreshing native plugins compatible for Editor in 2.97 ms, found 3 plugins.
Preloading 0 native plugins for Editor in 0.00 ms.
Unloading 41 Unused Serialized files (Serialized files now loaded: 0)
Unloading 41 unused Assets / (4.2 MB). Loaded Objects now: 7415.
Memory consumption went from 131.1 MB to 126.8 MB.
Total: 67.587041 ms (FindLiveObjects: 8.209333 ms CreateObjectMapping: 0.361583 ms MarkObjects: 55.934792 ms  DeleteObjects: 3.080583 ms)

Prepare: number of updated asset objects reloaded= 0
AssetImportParameters requested are different than current active one (requested -> active):
  custom:container-demuxer-ogg: 62fdf1f143b41e24485cea50d1cbac27 -> 
  custom:container-muxer-webm: aa71ff27fc2769a1b78a27578f13a17b -> 
  custom:video-decoder-webm-vp8: 9c59270c3fd7afecdb556c50c9e8de78 -> 
  custom:SearchIndexIgnoredProperties: e643bd26f0fe6173181afceb89e7c659 -> 
  custom:AudioImporter_EditorPlatform: 3918e3fc78b5a79bad01e8451be0beb8 -> 
  custom:audio-decoder-ogg-vorbis: bf7c407c2cedff20999df2af8eb42d56 -> 
  custom:audio-encoder-webm-vorbis: bf7c407c2cedff20999df2af8eb42d56 -> 
  custom:video-decoder-ogg-theora: a1e56fd34408186e4bbccfd4996cb3dc -> 
  custom:CustomObjectIndexerAttribute: 72b91833f83ae208fae7752999fa3104 -> 
  custom:container-demuxer-webm: 4f35f7cbe854078d1ac9338744f61a02 -> 
  custom:framework-osx-AVFoundation: e770b220cccbd017edd2c1fefb359320 -> 
  custom:video-encoder-webm-vp8: eb34c28f22e8b96e1ab97ce403110664 -> 
========================================================================
Received Prepare
Refreshing native plugins compatible for Editor in 8.05 ms, found 3 plugins.
Preloading 0 native plugins for Editor in 0.00 ms.
Unloading 41 Unused Serialized files (Serialized files now loaded: 0)
Unloading 41 unused Assets / (4.3 MB). Loaded Objects now: 7415.
Memory consumption went from 131.0 MB to 126.7 MB.
Total: 174.432542 ms (FindLiveObjects: 55.120833 ms CreateObjectMapping: 2.006875 ms MarkObjects: 90.528000 ms  DeleteObjects: 26.771208 ms)

Prepare: number of updated asset objects reloaded= 0
AssetImportParameters requested are different than current active one (requested -> active):
  custom:container-demuxer-ogg: 62fdf1f143b41e24485cea50d1cbac27 -> 
  custom:container-muxer-webm: aa71ff27fc2769a1b78a27578f13a17b -> 
  custom:video-decoder-webm-vp8: 9c59270c3fd7afecdb556c50c9e8de78 -> 
  custom:SearchIndexIgnoredProperties: e643bd26f0fe6173181afceb89e7c659 -> 
  custom:AudioImporter_EditorPlatform: 3918e3fc78b5a79bad01e8451be0beb8 -> 
  custom:audio-decoder-ogg-vorbis: bf7c407c2cedff20999df2af8eb42d56 -> 
  custom:audio-encoder-webm-vorbis: bf7c407c2cedff20999df2af8eb42d56 -> 
  custom:video-decoder-ogg-theora: a1e56fd34408186e4bbccfd4996cb3dc -> 
  custom:CustomObjectIndexerAttribute: 72b91833f83ae208fae7752999fa3104 -> 
  custom:container-demuxer-webm: 4f35f7cbe854078d1ac9338744f61a02 -> 
  custom:framework-osx-AVFoundation: e770b220cccbd017edd2c1fefb359320 -> 
  custom:video-encoder-webm-vp8: eb34c28f22e8b96e1ab97ce403110664 -> 
